Singularity> src/pipeline/1.bwa.sh bwa samtools data/ref/NC_045512.2.fasta data/gisaid_omicron_13-01-22.filtered.fasta 22
[bwa_index] Pack FASTA... 0.00 sec
[bwa_index] Construct BWT for the packed sequence...
[bwa_index] 0.01 seconds elapse.
[bwa_index] Update BWT... 0.00 sec
[bwa_index] Pack forward-only FASTA... 0.00 sec
[bwa_index] Construct SA from BWT and Occ... 0.00 sec
[main] Version: 0.7.17-r1188
[main] CMD: bwa index data/ref/NC_045512.2.fasta
[main] Real time: 0.017 sec; CPU: 0.009 sec
[M::bwa_idx_load_from_disk] read 0 ALT contigs
[bsw2_aln] read 7396 sequences/pairs (220031503 bp) ...
[bsw2_aln] read 7392 sequences/pairs (220006593 bp) ...
[bsw2_aln] read 7396 sequences/pairs (220022552 bp) ...
[bsw2_aln] read 7396 sequences/pairs (220010289 bp) ...
[bsw2_aln] read 7394 sequences/pairs (220038639 bp) ...
[bsw2_aln] read 7388 sequences/pairs (220052011 bp) ...
[bsw2_aln] read 7392 sequences/pairs (220057214 bp) ...
[bsw2_aln] read 7394 sequences/pairs (220004637 bp) ...
[bsw2_aln] read 7388 sequences/pairs (220038031 bp) ...
[bsw2_aln] read 7394 sequences/pairs (220011751 bp) ...
[bsw2_aln] read 7394 sequences/pairs (220016837 bp) ...
[bsw2_aln] read 7394 sequences/pairs (220054636 bp) ...
[bsw2_aln] read 7394 sequences/pairs (220029403 bp) ...
[bsw2_aln] read 7394 sequences/pairs (220002345 bp) ...
[bsw2_aln] read 7388 sequences/pairs (220006006 bp) ...
[bsw2_aln] read 7388 sequences/pairs (220003441 bp) ...
[bsw2_aln] read 7404 sequences/pairs (220032871 bp) ...
[bsw2_aln] read 7388 sequences/pairs (220037528 bp) ...
[bsw2_aln] read 418 sequences/pairs (12430574 bp) ...
[main] Version: 0.7.17-r1188
[main] CMD: bwa bwasw -t 22 data/ref/NC_045512.2.fasta data/gisaid_omicron_13-01-22.filtered.fasta
[main] Real time: 686.959 sec; CPU: 14241.455 sec
