Singularity> ../../scripts/pipeline/1.bwa.sh bwa samtools ../_ref_omicron/omicron_ref.fasta sequences.filtered.fasta 24
[bwa_index] Pack FASTA... 0.00 sec
[bwa_index] Construct BWT for the packed sequence...
[bwa_index] 0.00 seconds elapse.
[bwa_index] Update BWT... 0.00 sec
[bwa_index] Pack forward-only FASTA... 0.00 sec
[bwa_index] Construct SA from BWT and Occ... 0.00 sec
[main] Version: 0.7.17-r1188
[main] CMD: bwa index ../_ref_omicron/omicron_ref.fasta
[main] Real time: 0.013 sec; CPU: 0.015 sec
[M::bwa_idx_load_from_disk] read 0 ALT contigs
[bsw2_aln] read 8068 sequences/pairs (240020555 bp) ...
[bsw2_aln] read 8064 sequences/pairs (240022838 bp) ...
[bsw2_aln] read 8068 sequences/pairs (240004636 bp) ...
[bsw2_aln] read 8068 sequences/pairs (240008737 bp) ...
[bsw2_aln] read 8062 sequences/pairs (240001486 bp) ...
[bsw2_aln] read 8060 sequences/pairs (240042428 bp) ...
[bsw2_aln] read 8068 sequences/pairs (240004145 bp) ...
[bsw2_aln] read 8060 sequences/pairs (240003735 bp) ...
[bsw2_aln] read 8064 sequences/pairs (240053812 bp) ...
[bsw2_aln] read 8068 sequences/pairs (240045067 bp) ...
[bsw2_aln] read 8064 sequences/pairs (240018203 bp) ...
[bsw2_aln] read 8066 sequences/pairs (240019679 bp) ...
[bsw2_aln] read 8066 sequences/pairs (240005250 bp) ...
[bsw2_aln] read 8058 sequences/pairs (240047880 bp) ...
[bsw2_aln] read 8066 sequences/pairs (240016189 bp) ...
[bsw2_aln] read 8074 sequences/pairs (240053126 bp) ...
[bsw2_aln] read 4449 sequences/pairs (132548779 bp) ...
[main] Version: 0.7.17-r1188
[main] CMD: bwa bwasw -t 24 ../_ref_omicron/omicron_ref.fasta sequences.filtered.fasta
[main] Real time: 666.763 sec; CPU: 15089.230 sec
