Singularity> scripts/pipeline/1.bwa.sh bwa samtools data/_ref/NC_045512.2.fasta data/omicron/sequences.filtered.fasta 24
[bwa_index] Pack FASTA... 0.00 sec
[bwa_index] Construct BWT for the packed sequence...
[bwa_index] 0.01 seconds elapse.
[bwa_index] Update BWT... 0.00 sec
[bwa_index] Pack forward-only FASTA... 0.00 sec
[bwa_index] Construct SA from BWT and Occ... 0.00 sec
[main] Version: 0.7.17-r1188
[main] CMD: bwa index data/_ref/NC_045512.2.fasta
[main] Real time: 0.020 sec; CPU: 0.010 sec
[M::bwa_idx_load_from_disk] read 0 ALT contigs
[bsw2_aln] read 8068 sequences/pairs (240020618 bp) ...
[bsw2_aln] read 8064 sequences/pairs (240022865 bp) ...
[bsw2_aln] read 8068 sequences/pairs (240004734 bp) ...
[bsw2_aln] read 8068 sequences/pairs (240008641 bp) ...
[bsw2_aln] read 8062 sequences/pairs (240001491 bp) ...
[bsw2_aln] read 8060 sequences/pairs (240042394 bp) ...
[bsw2_aln] read 8068 sequences/pairs (240004145 bp) ...
[bsw2_aln] read 8060 sequences/pairs (240003786 bp) ...
[bsw2_aln] read 8064 sequences/pairs (240053760 bp) ...
[bsw2_aln] read 8068 sequences/pairs (240045123 bp) ...
[bsw2_aln] read 8064 sequences/pairs (240018148 bp) ...
[bsw2_aln] read 8066 sequences/pairs (240019679 bp) ...
[bsw2_aln] read 8066 sequences/pairs (240005250 bp) ...
[bsw2_aln] read 8058 sequences/pairs (240047925 bp) ...
[bsw2_aln] read 8066 sequences/pairs (240016175 bp) ...
[bsw2_aln] read 8074 sequences/pairs (240052817 bp) ...
[bsw2_aln] read 4448 sequences/pairs (132519310 bp) ...
[main] Version: 0.7.17-r1188
[main] CMD: bwa bwasw -t 24 data/_ref/NC_045512.2.fasta data/omicron/sequences.filtered.fasta
[main] Real time: 660.510 sec; CPU: 15211.432 sec
